2023-07-31T01:05:28+00:00 CRITICAL Uncaught Error: Call to undefined function WprAddons\Modules\Forms\Widgets\wpforms_display() in C:\xamppmuniz\htdocs\munizart\wp-content\plugins\royal-elementor-addons\modules\forms\widgets\wpr-forms.php:2413
Stack trace:
#0 C:\xamppmuniz\htdocs\munizart\wp-content\plugins\royal-elementor-addons\modules\forms\widgets\wpr-forms.php(2440): WprAddons\Modules\Forms\Widgets\Wpr_Forms->render_wpforms_template(Array)
#1 C:\xamppmuniz\htdocs\munizart\wp-content\plugins\elementor\includes\base\controls-stack.php(2268): WprAddons\Modules\Forms\Widgets\Wpr_Forms->render()
#2 C:\xamppmuniz\htdocs\munizart\wp-content\plugins\elementor\includes\base\widget-base.php(609): Elementor\Controls_Stack->render_by_mode()
#3 C:\xamppmuniz\htdocs\munizart\wp-content\plugins\elementor\core\base\document.php(292): Elementor\Widget_Base->render_content()
#4 C:\xamppmuniz\htdocs\munizart\wp-content\plugins\elementor\includes\managers\widgets.php(445): Elementor\Core\Base\Document->render_element(Array)
#5 [internal function]: Elementor\Widgets_Manager->ajax_render_widget(Array, Object(Elementor\Core\Common\Modules\Ajax\Module))
#6 C:\xamppmuniz\htdocs\munizart\wp-content\plugins\elementor\core\common\modules\ajax\module.php(175): call_user_func(Array, Array, Object(Elementor\Core\Common\Modules\Ajax\Module))
#7 C:\xamppmuniz\htdocs\munizart\wp-includes\class-wp-hook.php(308): Elementor\Core\Common\Modules\Ajax\Module->handle_ajax_request('')
#8 C:\xamppmuniz\htdocs\munizart\wp-includes\class-wp-hook.php(332): WP_Hook->apply_filters('', Array)
#9 C:\xamppmuniz\htdocs\munizart\wp-includes\plugin.php(517): WP_Hook->do_action(Array)
#10 C:\xamppmuniz\htdocs\munizart\wp-admin\admin-ajax.php(188): do_action('wp_ajax_element...')
#11 {main}
  thrown, em C:\xamppmuniz\htdocs\munizart\wp-content\plugins\royal-elementor-addons\modules\forms\widgets\wpr-forms.php, na linha 2413

2023-07-31T02:26:02+00:00 CRITICAL Uncaught Error: Call to a member function get() on null in C:\xamppmuniz\htdocs\munizart\wp-content\plugins\woocommerce\includes\wc-notice-functions.php:140
Stack trace:
#0 C:\xamppmuniz\htdocs\munizart\wp-content\plugins\yith-woocommerce-wishlist\includes\class-yith-wcwl-frontend.php(354): wc_print_notices()
#1 C:\xamppmuniz\htdocs\munizart\wp-includes\class-wp-hook.php(308): YITH_WCWL_Frontend->print_notices(false)
#2 C:\xamppmuniz\htdocs\munizart\wp-includes\class-wp-hook.php(332): WP_Hook->apply_filters('', Array)
#3 C:\xamppmuniz\htdocs\munizart\wp-includes\plugin.php(517): WP_Hook->do_action(Array)
#4 C:\xamppmuniz\htdocs\munizart\wp-content\plugins\yith-woocommerce-wishlist\templates\wishlist-view-header.php(54): do_action('yith_wcwl_befor...', false)
#5 C:\xamppmuniz\htdocs\munizart\wp-content\plugins\yith-woocommerce-wishlist\includes\functions-yith-wcwl.php(170): include('C:\\xamppmuniz\\h...')
#6 C:\xamppmuniz\htdocs\munizart\wp-content\plugins\yith-woocommerce-wishlist\includes\functions-yith-wcwl.php(234): yith_wcwl_get_template('wishlist-view-h...', Array, false)
#7 C:\xamppmuniz\htdocs\munizart\wp-content\plugins\yith-woocommerce-wishlist\includes\class-yith-wcwl-frontend.php(776): yith_wcwl_get_template_part('view', '-header', '', Array)
#8 C:\xamppmuniz\htdocs\munizart\wp-includes\class-wp-hook.php(308): YITH_WCWL_Frontend->wishlist_header(Array)
#9 C:\xamppmuniz\htdocs\munizart\wp-includes\class-wp-hook.php(332): WP_Hook->apply_filters('', Array)
#10 C:\xamppmuniz\htdocs\munizart\wp-includes\plugin.php(517): WP_Hook->do_action(Array)
#11 C:\xamppmuniz\htdocs\munizart\wp-content\plugins\yith-woocommerce-wishlist\templates\wishlist.php(31): do_action('yith_wcwl_wishl...', Array)
#12 C:\xamppmuniz\htdocs\munizart\wp-content\plugins\yith-woocommerce-wishlist\includes\functions-yith-wcwl.php(170): include('C:\\xamppmuniz\\h...')
#13 C:\xamppmuniz\htdocs\munizart\wp-content\plugins\yith-woocommerce-wishlist\includes\class-yith-wcwl-shortcode.php(623): yith_wcwl_get_template('wishlist.php', Array, true)
#14 C:\xamppmuniz\htdocs\munizart\wp-includes\shortcodes.php(355): YITH_WCWL_Shortcode::wishlist(Array, '', 'yith_wcwl_wishl...')
#15 [internal function]: do_shortcode_tag(Array)
#16 C:\xamppmuniz\htdocs\munizart\wp-includes\shortcodes.php(227): preg_replace_callback('/\\[(\\[?)(yith_w...', 'do_shortcode_ta...', '[yith_wcwl_wish...')
#17 C:\xamppmuniz\htdocs\munizart\wp-includes\class-wp-hook.php(308): do_shortcode('[yith_wcwl_wish...')
#18 C:\xamppmuniz\htdocs\munizart\wp-includes\plugin.php(205): WP_Hook->apply_filters('[yith_wcwl_wish...', Array)
#19 C:\xamppmuniz\htdocs\munizart\wp-includes\rest-api\endpoints\class-wp-rest-posts-controller.php(1860): apply_filters('the_content', '<!-- wp:shortco...')
#20 C:\xamppmuniz\htdocs\munizart\wp-includes\rest-api\endpoints\class-wp-rest-posts-controller.php(569): WP_REST_Posts_Controller->prepare_item_for_response(Object(WP_Post), Object(WP_REST_Request))
#21 C:\xamppmuniz\htdocs\munizart\wp-includes\rest-api\class-wp-rest-server.php(1181): WP_REST_Posts_Controller->get_item(Object(WP_REST_Request))
#22 C:\xamppmuniz\htdocs\munizart\wp-includes\rest-api\class-wp-rest-server.php(1028): WP_REST_Server->respond_to_request(Object(WP_REST_Request), '/wp/v2/pages/(?...', Array, NULL)
#23 C:\xamppmuniz\htdocs\munizart\wp-includes\rest-api.php(535): WP_REST_Server->dispatch(Object(WP_REST_Request))
#24 C:\xamppmuniz\htdocs\munizart\wp-includes\rest-api.php(2889): rest_do_request(Object(WP_REST_Request))
#25 [internal function]: rest_preload_api_request(Array, '/wp/v2/pages/10...')
#26 C:\xamppmuniz\htdocs\munizart\wp-includes\block-editor.php(631): array_reduce(Array, 'rest_preload_ap...', Array)
#27 C:\xamppmuniz\htdocs\munizart\wp-admin\edit-form-blocks.php(77): block_editor_rest_api_preload(Array, Object(WP_Block_Editor_Context))
#28 C:\xamppmuniz\htdocs\munizart\wp-admin\post.php(187): require('C:\\xamppmuniz\\h...')
#29 {main}
  thrown, em C:\xamppmuniz\htdocs\munizart\wp-content\plugins\woocommerce\includes\wc-notice-functions.php, na linha 140

2023-07-31T02:50:26+00:00 CRITICAL Maximum execution time of 120 seconds exceeded, em C:\xamppmuniz\htdocs\munizart\wp-content\plugins\woolentor-addons\includes\addons\wb_archive_catalog_ordering.php, na linha 4

2023-07-31T02:51:22+00:00 CRITICAL Maximum execution time of 120 seconds exceeded, em C:\xamppmuniz\htdocs\munizart\wp-content\plugins\elementor\includes\controls\choose.php, na linha 4

2023-07-31T02:51:22+00:00 CRITICAL Maximum execution time of 120 seconds exceeded, em C:\xamppmuniz\htdocs\munizart\wp-content\plugins\elementor\includes\controls\choose.php, na linha 4

2023-07-31T02:51:23+00:00 CRITICAL Maximum execution time of 120 seconds exceeded, em C:\xamppmuniz\htdocs\munizart\wp-content\plugins\elementor\includes\controls\icons.php, na linha 6

2023-07-31T17:59:52+00:00 CRITICAL Out of memory (allocated 207618048 bytes) (tried to allocate 45056 bytes), em C:\xamppmuniz\htdocs\munizart\wp-content\plugins\exclusive-addons-for-elementor\elements\call-to-action\call-to-action.php, na linha 870

